2024-11-18 22:16:36.954 [main] INFO  org.reflections.Reflections - Reflections took 1117 ms to scan 175 urls, producing 8680 keys and 36579 values
2024-11-18 22:16:38.206 [main] INFO  com.zebrunner.carina.api.AbstractApiMethodV2 - Base properties loaded: api/users/user.properties
2024-11-18 22:16:39.416 [main] INFO  com.zebrunner.carina.api.AbstractApiMethod - Request method:	POST
Request URI:	https://jsonplaceholder.typicode.com/users
Request params:	<none>
Query params:	<none>
Form params:	<none>
Path params:	<none>
Multiparts:		<none>
Cookies:		<none>
Headers:		Accept=*/*
				Content-Type=application/json; charset=UTF-8
Body:
{
    "user_name": "JamesSmith",
    "user_type": "REWARD_USER",
    "password": "password123",
    "first_name": "James",
    "last_name": "Smith",
    "phone": "4748995503",
    "email": "james.smith@gmail.com",
    "credit_score": 680,
    "annual_income": 48000,
    "loan_amount": 30000,
    "registration_date": "2010-02-01"
}
HTTP/1.1 201 Created
Date: Tue, 19 Nov 2024 03:16:39 GMT
Content-Type: application/json; charset=utf-8
Content-Length: 322
Connection: keep-alive
Report-To: {"group":"heroku-nel","max_age":3600,"endpoints":[{"url":"https://nel.heroku.com/reports?ts=1731986199&sid=e11707d5-02a7-43ef-b45e-2cf4d2036f7d&s=NoX8ZLvv%2BgJ%2BERXZeWBCHqJ7D%2BMYAaYhiIAdb%2FdaEyc%3D"}]}
Reporting-Endpoints: heroku-nel=https://nel.heroku.com/reports?ts=1731986199&sid=e11707d5-02a7-43ef-b45e-2cf4d2036f7d&s=NoX8ZLvv%2BgJ%2BERXZeWBCHqJ7D%2BMYAaYhiIAdb%2FdaEyc%3D
Nel: {"report_to":"heroku-nel","max_age":3600,"success_fraction":0.005,"failure_fraction":0.05,"response_headers":["Via"]}
X-Powered-By: Express
X-Ratelimit-Limit: 1000
X-Ratelimit-Remaining: 999
X-Ratelimit-Reset: 1731986225
Vary: Origin, X-HTTP-Method-Override, Accept-Encoding
Access-Control-Allow-Credentials: true
Cache-Control: no-cache
Pragma: no-cache
Expires: -1
Access-Control-Expose-Headers: Location
Location: https://jsonplaceholder.typicode.com/users/11
X-Content-Type-Options: nosniff
Etag: W/"142-utZ2y1FwbJBqxJDaGEY3Yg11VZE"
Via: 1.1 vegur
CF-Cache-Status: DYNAMIC
Server: cloudflare
CF-RAY: 8e4d0af1c99ee1cb-ORD
alt-svc: h3=":443"; ma=86400
server-timing: cfL4;desc="?proto=TCP&rtt=20876&sent=5&recv=6&lost=0&retrans=0&sent_bytes=115&recv_bytes=1049&delivery_rate=63423&cwnd=250&unsent_bytes=0&cid=5e77abb51e9f1027&ts=184&x=0"

{
    "user_name": "JamesSmith",
    "user_type": "REWARD_USER",
    "password": "password123",
    "first_name": "James",
    "last_name": "Smith",
    "phone": "4748995503",
    "email": "james.smith@gmail.com",
    "credit_score": 680,
    "annual_income": 48000,
    "loan_amount": 30000,
    "registration_date": "2010-02-01",
    "id": 11
}

2024-11-18 22:16:39.636 [main] INFO  com.zebrunner.carina.api.AbstractApiMethod - Request method:	DELETE
Request URI:	https://jsonplaceholder.typicode.com/users/1
Request params:	<none>
Query params:	<none>
Form params:	<none>
Path params:	<none>
Multiparts:		<none>
Cookies:		<none>
Headers:		Accept=*/*
				Content-Type=application/json; charset=UTF-8
Body:			<none>
HTTP/1.1 200 OK
Date: Tue, 19 Nov 2024 03:16:39 GMT
Content-Type: application/json; charset=utf-8
Content-Length: 2
Connection: keep-alive
Report-To: {"group":"heroku-nel","max_age":3600,"endpoints":[{"url":"https://nel.heroku.com/reports?ts=1731986199&sid=e11707d5-02a7-43ef-b45e-2cf4d2036f7d&s=NoX8ZLvv%2BgJ%2BERXZeWBCHqJ7D%2BMYAaYhiIAdb%2FdaEyc%3D"}]}
Reporting-Endpoints: heroku-nel=https://nel.heroku.com/reports?ts=1731986199&sid=e11707d5-02a7-43ef-b45e-2cf4d2036f7d&s=NoX8ZLvv%2BgJ%2BERXZeWBCHqJ7D%2BMYAaYhiIAdb%2FdaEyc%3D
Nel: {"report_to":"heroku-nel","max_age":3600,"success_fraction":0.005,"failure_fraction":0.05,"response_headers":["Via"]}
X-Powered-By: Express
X-Ratelimit-Limit: 1000
X-Ratelimit-Remaining: 998
X-Ratelimit-Reset: 1731986225
Vary: Origin, Accept-Encoding
Access-Control-Allow-Credentials: true
Cache-Control: no-cache
Pragma: no-cache
Expires: -1
X-Content-Type-Options: nosniff
Etag: W/"2-vyGp6PvFo4RvsFtPoIWeCReyIC8"
Via: 1.1 vegur
CF-Cache-Status: DYNAMIC
Server: cloudflare
CF-RAY: 8e4d0af42a47e273-ORD
alt-svc: h3=":443"; ma=86400
server-timing: cfL4;desc="?proto=TCP&rtt=21005&sent=3&recv=5&lost=0&retrans=0&sent_bytes=115&recv_bytes=687&delivery_rate=68586&cwnd=250&unsent_bytes=0&cid=78f24ecc6ffb2599&ts=118&x=0"

{
    
}

2024-11-18 22:16:39.847 [main] INFO  com.zebrunner.carina.api.AbstractApiMethod - Request method:	GET
Request URI:	https://jsonplaceholder.typicode.com/users/1
Request params:	<none>
Query params:	<none>
Form params:	<none>
Path params:	<none>
Multiparts:		<none>
Cookies:		<none>
Headers:		Accept=*/*
				Content-Type=application/json; charset=UTF-8
Body:			<none>
HTTP/1.1 200 OK
Date: Tue, 19 Nov 2024 03:16:39 GMT
Content-Type: application/json; charset=utf-8
Transfer-Encoding: chunked
Connection: keep-alive
Report-To: {"group":"heroku-nel","max_age":3600,"endpoints":[{"url":"https://nel.heroku.com/reports?ts=1731623090&sid=e11707d5-02a7-43ef-b45e-2cf4d2036f7d&s=olL8zNLkNAUmzE7g37FN4BqeW84VgBtEbrC6LgBEJZ4%3D"}]}
Reporting-Endpoints: heroku-nel=https://nel.heroku.com/reports?ts=1731623090&sid=e11707d5-02a7-43ef-b45e-2cf4d2036f7d&s=olL8zNLkNAUmzE7g37FN4BqeW84VgBtEbrC6LgBEJZ4%3D
Nel: {"report_to":"heroku-nel","max_age":3600,"success_fraction":0.005,"failure_fraction":0.05,"response_headers":["Via"]}
X-Powered-By: Express
X-Ratelimit-Limit: 1000
X-Ratelimit-Remaining: 999
X-Ratelimit-Reset: 1731623115
Vary: Origin, Accept-Encoding
Access-Control-Allow-Credentials: true
Cache-Control: max-age=43200
Pragma: no-cache
Expires: -1
X-Content-Type-Options: nosniff
Etag: W/"1fd-+2Y3G3w049iSZtw5t1mzSnunngE"
Via: 1.1 vegur
CF-Cache-Status: HIT
Age: 17371
Server: cloudflare
CF-RAY: 8e4d0af5ddc9e818-ORD
Content-Encoding: gzip
alt-svc: h3=":443"; ma=86400
server-timing: cfL4;desc="?proto=TCP&rtt=73819&sent=3&recv=5&lost=0&retrans=0&sent_bytes=115&recv_bytes=684&delivery_rate=25690&cwnd=250&unsent_bytes=0&cid=15c1909509c47786&ts=66&x=0"

{
    "id": 1,
    "name": "Leanne Graham",
    "username": "Bret",
    "email": "Sincere@april.biz",
    "address": {
        "street": "Kulas Light",
        "suite": "Apt. 556",
        "city": "Gwenborough",
        "zipcode": "92998-3874",
        "geo": {
            "lat": "-37.3159",
            "lng": "81.1496"
        }
    },
    "phone": "1-770-736-8031 x56442",
    "website": "hildegard.org",
    "company": {
        "name": "Romaguera-Crona",
        "catchPhrase": "Multi-layered client-server neural-net",
        "bs": "harness real-time e-markets"
    }
}

2024-11-18 22:16:39.851 [main] INFO  com.zebrunner.carina.api.AbstractApiMethodV2 - Base properties loaded: api/users/_put/user.properties
2024-11-18 22:16:40.065 [main] INFO  com.zebrunner.carina.api.AbstractApiMethod - Request method:	PUT
Request URI:	https://jsonplaceholder.typicode.com/users/1
Request params:	<none>
Query params:	<none>
Form params:	<none>
Path params:	<none>
Multiparts:		<none>
Cookies:		<none>
Headers:		Accept=*/*
				Content-Type=application/json; charset=UTF-8
Body:
{
    "user_name": "JamesSmithUpdated",
    "user_type": "REWARD_USER",
    "password": "password123",
    "first_name": "James",
    "last_name": "Smith",
    "phone": "4748995503",
    "email": "james.smith@gmail.com",
    "credit_score": 700,
    "annual_income": 50000,
    "loan_amount": 35000,
    "registration_date": "2010-02-01"
}
HTTP/1.1 200 OK
Date: Tue, 19 Nov 2024 03:16:40 GMT
Content-Type: application/json; charset=utf-8
Transfer-Encoding: chunked
Connection: keep-alive
Report-To: {"group":"heroku-nel","max_age":3600,"endpoints":[{"url":"https://nel.heroku.com/reports?ts=1731986200&sid=e11707d5-02a7-43ef-b45e-2cf4d2036f7d&s=C2iu3L%2BXUKAJpRTW8WnaE1knLBKtJDM4shV1pK69lEk%3D"}]}
Reporting-Endpoints: heroku-nel=https://nel.heroku.com/reports?ts=1731986200&sid=e11707d5-02a7-43ef-b45e-2cf4d2036f7d&s=C2iu3L%2BXUKAJpRTW8WnaE1knLBKtJDM4shV1pK69lEk%3D
Nel: {"report_to":"heroku-nel","max_age":3600,"success_fraction":0.005,"failure_fraction":0.05,"response_headers":["Via"]}
X-Powered-By: Express
X-Ratelimit-Limit: 1000
X-Ratelimit-Remaining: 997
X-Ratelimit-Reset: 1731986225
Vary: Origin, Accept-Encoding
Access-Control-Allow-Credentials: true
Cache-Control: no-cache
Pragma: no-cache
Expires: -1
X-Content-Type-Options: nosniff
Etag: W/"148-WxawfFoiA9E1cSU86Olu0p4icCE"
Via: 1.1 vegur
CF-Cache-Status: DYNAMIC
Server: cloudflare
CF-RAY: 8e4d0af6dea529a0-ORD
Content-Encoding: gzip
alt-svc: h3=":443"; ma=86400
server-timing: cfL4;desc="?proto=TCP&rtt=44876&sent=4&recv=6&lost=0&retrans=0&sent_bytes=115&recv_bytes=1059&delivery_rate=70947&cwnd=249&unsent_bytes=0&cid=3db4be3eee3ee70c&ts=121&x=0"

{
    "user_name": "JamesSmithUpdated",
    "user_type": "REWARD_USER",
    "password": "password123",
    "first_name": "James",
    "last_name": "Smith",
    "phone": "4748995503",
    "email": "james.smith@gmail.com",
    "credit_score": 700,
    "annual_income": 50000,
    "loan_amount": 35000,
    "registration_date": "2010-02-01",
    "id": 1
}

